<?xml version="1.0" encoding="UTF-8"?>
<!-- Generated by org.testng.reporters.JUnitReportReporter -->
<testsuite hostname="HGCEKQ3.local" name="org.testing.testScripts.postRequestTestCase" tests="1" failures="0" timestamp="26 Aug 2020 08:04:44 GMT" time="3.127" errors="0">
  <testcase name="postRequestTC" time="3.127" classname="org.testing.testScripts.postRequestTestCase"/>
</testsuite> <!-- org.testing.testScripts.postRequestTestCase -->
