<?xml version="1.0" encoding="UTF-8"?>
<!-- Generated by org.testng.reporters.JUnitReportReporter -->
<testsuite hostname="HGCEKQ3.local" name="org.testing.testScripts.deleteRequestTestCase" tests="1" failures="0" timestamp="26 Aug 2020 08:04:39 GMT" time="9.450" errors="0">
  <testcase name="deleteRequestTC" time="9.450" classname="org.testing.testScripts.deleteRequestTestCase"/>
</testsuite> <!-- org.testing.testScripts.deleteRequestTestCase -->
