<?xml version="1.0" encoding="UTF-8"?>
<!-- Generated by org.testng.reporters.JUnitReportReporter -->
<testsuite hostname="HGCEKQ3.local" name="org.testing.testScripts.PutRequestTestCase" tests="1" failures="0" timestamp="26 Aug 2020 08:04:34 GMT" time="0.102" errors="0">
  <testcase name="putRequest" time="0.102" classname="org.testing.testScripts.PutRequestTestCase"/>
</testsuite> <!-- org.testing.testScripts.PutRequestTestCase -->
