<?xml version="1.0" encoding="UTF-8"?>
<!-- Generated by org.testng.reporters.JUnitReportReporter -->
<testsuite hostname="HGCEKQ3.local" name="org.testing.testScripts.getRequestUsingQueryParams" tests="1" failures="0" timestamp="26 Aug 2020 08:04:49 GMT" time="0.083" errors="0">
  <testcase name="TestCaseGetQueryParams" time="0.083" classname="org.testing.testScripts.getRequestUsingQueryParams"/>
</testsuite> <!-- org.testing.testScripts.getRequestUsingQueryParams -->
