<?xml version="1.0" encoding="UTF-8"?>
<!-- Generated by org.testng.reporters.JUnitReportReporter -->
<testsuite hostname="HGCEKQ3" name="org.testing.testScripts.postRequestTestCase" tests="1" failures="0" timestamp="4 Aug 2020 11:00:25 GMT" time="2.478" errors="0">
  <testcase name="postRequestTC" time="2.478" classname="org.testing.testScripts.postRequestTestCase"/>
</testsuite> <!-- org.testing.testScripts.postRequestTestCase -->
