<?xml version="1.0" encoding="UTF-8"?>
<!-- Generated by org.testng.reporters.JUnitReportReporter -->
<testsuite hostname="HGCEKQ3.local" name="org.testing.testScripts.patchRequestTestCase" tests="1" failures="0" timestamp="26 Aug 2020 08:04:54 GMT" time="0.064" errors="0">
  <testcase name="patchRequest" time="0.064" classname="org.testing.testScripts.patchRequestTestCase"/>
</testsuite> <!-- org.testing.testScripts.patchRequestTestCase -->
