<?xml version="1.0" encoding="UTF-8"?>
<!-- Generated by org.testng.reporters.JUnitReportReporter -->
<testsuite hostname="HGCEKQ3" name="org.testing.testScripts.PutRequestTestCase" tests="1" failures="0" timestamp="12 Aug 2020 07:43:35 GMT" time="0.049" errors="0">
  <testcase name="putRequest" time="0.049" classname="org.testing.testScripts.PutRequestTestCase"/>
</testsuite> <!-- org.testing.testScripts.PutRequestTestCase -->
