<?xml version="1.0" encoding="UTF-8"?>
<!-- Generated by org.testng.reporters.JUnitReportReporter -->
<testsuite hostname="HGCEKQ3" name="org.testing.testScripts.postRequestTestCase" tests="1" failures="0" timestamp="12 Aug 2020 07:43:35 GMT" time="2.061" errors="0">
  <testcase name="postRequestTC" time="2.061" classname="org.testing.testScripts.postRequestTestCase"/>
</testsuite> <!-- org.testing.testScripts.postRequestTestCase -->
