<?xml version="1.0" encoding="UTF-8"?>
<!-- Generated by org.testng.reporters.JUnitReportReporter -->
<testsuite hostname="HGCEKQ3" name="org.testing.testScripts.PutRequestTestCase" tests="1" failures="0" timestamp="4 Aug 2020 11:02:20 GMT" time="0.097" errors="0">
  <testcase name="putRequest" time="0.097" classname="org.testing.testScripts.PutRequestTestCase"/>
</testsuite> <!-- org.testing.testScripts.PutRequestTestCase -->
