<?xml version="1.0" encoding="UTF-8"?>
<!-- Generated by org.testng.reporters.JUnitReportReporter -->
<testsuite hostname="HGCEKQ3" name="org.testing.testScripts.patchRequestTestCase" tests="1" failures="0" timestamp="4 Aug 2020 11:02:20 GMT" time="0.115" errors="0">
  <testcase name="patchRequest" time="0.115" classname="org.testing.testScripts.patchRequestTestCase"/>
</testsuite> <!-- org.testing.testScripts.patchRequestTestCase -->
