<?xml version="1.0" encoding="UTF-8"?>
<!-- Generated by org.testng.reporters.JUnitReportReporter -->
<testsuite hostname="HGCEKQ3" name="org.testing.testScripts.deleteRequestTestCase" tests="1" failures="0" timestamp="12 Aug 2020 07:43:35 GMT" time="0.047" errors="0">
  <testcase name="deleteRequestTC" time="0.047" classname="org.testing.testScripts.deleteRequestTestCase"/>
</testsuite> <!-- org.testing.testScripts.deleteRequestTestCase -->
