<?xml version="1.0" encoding="UTF-8"?>
<testsuite name="TestSuite" time="2.353" tests="6" errors="0" skipped="0" failures="0">
  <properties>
    <property name="java.vendor" value="Oracle Corporation"/>
    <property name="JOB_NAME" value="gitJenkinsIntegration"/>
    <property name="RUN_TESTS_DISPLAY_URL" value="http://localhost:8080/job/gitJenkinsIntegration/4/display/redirect?page=tests"/>
    <property name="sun.java.launcher" value="SUN_STANDARD"/>
    <property name="sun.management.compiler" value="HotSpot 64-Bit Tiered Compilers"/>
    <property name="JENKINS_HOME" value="/Users/prachipandey/.jenkins"/>
    <property name="PATH" value="/usr/bin:/bin:/usr/sbin:/sbin"/>
    <property name="HUDSON_SERVER_COOKIE" value="b1a69224b7577db7"/>
    <property name="os.name" value="Mac OS X"/>
    <property name="sun.boot.class.path" value="/Library/Java/JavaVirtualMachines/jdk1.8.0_201.jdk/Contents/Home/jre/lib/resources.jar:/Library/Java/JavaVirtualMachines/jdk1.8.0_201.jdk/Contents/Home/jre/lib/rt.jar:/Library/Java/JavaVirtualMachines/jdk1.8.0_201.jdk/Contents/Home/jre/lib/sunrsasign.jar:/Library/Java/JavaVirtualMachines/jdk1.8.0_201.jdk/Contents/Home/jre/lib/jsse.jar:/Library/Java/JavaVirtualMachines/jdk1.8.0_201.jdk/Contents/Home/jre/lib/jce.jar:/Library/Java/JavaVirtualMachines/jdk1.8.0_201.jdk/Contents/Home/jre/lib/charsets.jar:/Library/Java/JavaVirtualMachines/jdk1.8.0_201.jdk/Contents/Home/jre/lib/jfr.jar:/Library/Java/JavaVirtualMachines/jdk1.8.0_201.jdk/Contents/Home/jre/classes"/>
    <property name="EXECUTOR_NUMBER" value="0"/>
    <property name="user.country.format" value="IN"/>
    <property name="java.vm.specification.vendor" value="Oracle Corporation"/>
    <property name="NODE_LABELS" value="master"/>
    <property name="java.runtime.version" value="1.8.0_201-b09"/>
    <property name="user.name" value="prachipandey"/>
    <property name="guice.disable.misplaced.annotation.check" value="true"/>
    <property name="user.language" value="en"/>
    <property name="JOB_BASE_NAME" value="gitJenkinsIntegration"/>
    <property name="RUN_CHANGES_DISPLAY_URL" value="http://localhost:8080/job/gitJenkinsIntegration/4/display/redirect?page=changes"/>
    <property name="BUILD_DISPLAY_NAME" value="#4"/>
    <property name="TMPDIR" value="/var/folders/cr/vv0xb1c51clcwmzqw5h7c3j40000gp/T/"/>
    <property name="sun.boot.library.path" value="/Library/Java/JavaVirtualMachines/jdk1.8.0_201.jdk/Contents/Home/jre/lib"/>
    <property name="java.version" value="1.8.0_201"/>
    <property name="XPC_FLAGS" value="0x0"/>
    <property name="user.timezone" value="Asia/Kolkata"/>
    <property name="sun.arch.data.model" value="64"/>
    <property name="NODE_NAME" value="master"/>
    <property name="http.nonProxyHosts" value="local|*.local|169.254/16|*.169.254/16"/>
    <property name="java.endorsed.dirs" value="/Library/Java/JavaVirtualMachines/jdk1.8.0_201.jdk/Contents/Home/jre/lib/endorsed"/>
    <property name="BUILD_ID" value="4"/>
    <property name="sun.cpu.isalist" value=""/>
    <property name="sun.jnu.encoding" value="UTF-8"/>
    <property name="file.encoding.pkg" value="sun.io"/>
    <property name="SHELL" value="/bin/bash"/>
    <property name="file.separator" value="/"/>
    <property name="java.specification.name" value="Java Platform API Specification"/>
    <property name="maven.conf" value="/Users/prachipandey/.jenkins/tools/hudson.tasks.Maven_MavenInstallation/Maven_3.5.0/conf"/>
    <property name="java.class.version" value="52.0"/>
    <property name="org.slf4j.simpleLogger.defaultLogLevel" value="info"/>
    <property name="user.country" value="GB"/>
    <property name="java.home" value="/Library/Java/JavaVirtualMachines/jdk1.8.0_201.jdk/Contents/Home/jre"/>
    <property name="java.vm.info" value="mixed mode"/>
    <property name="os.version" value="10.15.5"/>
    <property name="RUN_DISPLAY_URL" value="http://localhost:8080/job/gitJenkinsIntegration/4/display/redirect"/>
    <property name="sun.font.fontmanager" value="sun.font.CFontManager"/>
    <property name="RUN_ARTIFACTS_DISPLAY_URL" value="http://localhost:8080/job/gitJenkinsIntegration/4/display/redirect?page=artifacts"/>
    <property name="path.separator" value=":"/>
    <property name="java.vm.version" value="25.201-b09"/>
    <property name="JOB_DISPLAY_URL" value="http://localhost:8080/job/gitJenkinsIntegration/display/redirect"/>
    <property name="java.awt.printerjob" value="sun.lwawt.macosx.CPrinterJob"/>
    <property name="sun.io.unicode.encoding" value="UnicodeBig"/>
    <property name="awt.toolkit" value="sun.lwawt.macosx.LWCToolkit"/>
    <property name="LOGNAME" value="prachipandey"/>
    <property name="socksNonProxyHosts" value="local|*.local|169.254/16|*.169.254/16"/>
    <property name="ftp.nonProxyHosts" value="local|*.local|169.254/16|*.169.254/16"/>
    <property name="HOME" value="/Users/prachipandey"/>
    <property name="user.home" value="/Users/prachipandey"/>
    <property name="BUILD_TAG" value="jenkins-gitJenkinsIntegration-4"/>
    <property name="JENKINS_SERVER_COOKIE" value="b1a69224b7577db7"/>
    <property name="HUDSON_URL" value="http://localhost:8080/"/>
    <property name="XPC_SERVICE_NAME" value="homebrew.mxcl.jenkins-lts"/>
    <property name="java.specification.vendor" value="Oracle Corporation"/>
    <property name="CLASSPATH" value=""/>
    <property name="java.library.path" value="/Users/prachipandey/Library/Java/Extensions:/Library/Java/Extensions:/Network/Library/Java/Extensions:/System/Library/Java/Extensions:/usr/lib/java:."/>
    <property name="java.vendor.url" value="http://java.oracle.com/"/>
    <property name="java.vm.vendor" value="Oracle Corporation"/>
    <property name="gopherProxySet" value="false"/>
    <property name="maven.home" value="/Users/prachipandey/.jenkins/tools/hudson.tasks.Maven_MavenInstallation/Maven_3.5.0"/>
    <property name="java.runtime.name" value="Java(TM) SE Runtime Environment"/>
    <property name="java.class.path" value="/Users/prachipandey/.jenkins/plugins/maven-plugin/WEB-INF/lib/maven35-agent-1.13.jar:/Users/prachipandey/.jenkins/tools/hudson.tasks.Maven_MavenInstallation/Maven_3.5.0/boot/plexus-classworlds-2.5.2.jar:/Users/prachipandey/.jenkins/tools/hudson.tasks.Maven_MavenInstallation/Maven_3.5.0/conf/logging"/>
    <property name="sun.java.command" value="jenkins.maven3.agent.Maven35Main /Users/prachipandey/.jenkins/tools/hudson.tasks.Maven_MavenInstallation/Maven_3.5.0 /Users/prachipandey/.jenkins/war/WEB-INF/lib/remoting-4.3.jar /Users/prachipandey/.jenkins/plugins/maven-plugin/WEB-INF/lib/maven35-interceptor-1.13.jar /Users/prachipandey/.jenkins/plugins/maven-plugin/WEB-INF/lib/maven3-interceptor-commons-1.13.jar 51067"/>
    <property name="JAVA_MAIN_CLASS_80218" value="Main"/>
    <property name="java.vm.specification.name" value="Java Virtual Machine Specification"/>
    <property name="java.vm.specification.version" value="1.8"/>
    <property name="sun.os.patch.level" value="unknown"/>
    <property name="sun.cpu.endian" value="little"/>
    <property name="M2_HOME" value="/Users/prachipandey/.jenkins/tools/hudson.tasks.Maven_MavenInstallation/Maven_3.5.0"/>
    <property name="java.io.tmpdir" value="/var/folders/cr/vv0xb1c51clcwmzqw5h7c3j40000gp/T/"/>
    <property name="HUDSON_HOME" value="/Users/prachipandey/.jenkins"/>
    <property name="PATH+MAVEN" value="/Users/prachipandey/.jenkins/tools/hudson.tasks.Maven_MavenInstallation/Maven_3.5.0/bin"/>
    <property name="BUILD_URL" value="http://localhost:8080/job/gitJenkinsIntegration/4/"/>
    <property name="java.vendor.url.bug" value="http://bugreport.sun.com/bugreport/"/>
    <property name="SSH_AUTH_SOCK" value="/private/tmp/com.apple.launchd.Mk0KOGYIf3/Listeners"/>
    <property name="java.awt.graphicsenv" value="sun.awt.CGraphicsEnvironment"/>
    <property name="os.arch" value="x86_64"/>
    <property name="java.ext.dirs" value="/Users/prachipandey/Library/Java/Extensions:/Library/Java/JavaVirtualMachines/jdk1.8.0_201.jdk/Contents/Home/jre/lib/ext:/Library/Java/Extensions:/Network/Library/Java/Extensions:/System/Library/Java/Extensions:/usr/lib/java"/>
    <property name="__CF_USER_TEXT_ENCODING" value="0x1F6:0:2"/>
    <property name="user.dir" value="/Users/prachipandey/git/repository/AutomationAPI"/>
    <property name="JOB_URL" value="http://localhost:8080/job/gitJenkinsIntegration/"/>
    <property name="line.separator" value="&#10;"/>
    <property name="MAVEN_HOME" value="/Users/prachipandey/.jenkins/tools/hudson.tasks.Maven_MavenInstallation/Maven_3.5.0"/>
    <property name="java.vm.name" value="Java HotSpot(TM) 64-Bit Server VM"/>
    <property name="BUILD_NUMBER" value="4"/>
    <property name="JENKINS_URL" value="http://localhost:8080/"/>
    <property name="GIT_BRANCH" value="prachi-pandey18/master"/>
    <property name="GIT_COMMIT" value="b5a2b20d61754c762b61af1b3c7c3b4e1389ba63"/>
    <property name="file.encoding" value="UTF-8"/>
    <property name="maven3.interceptor" value="/Users/prachipandey/.jenkins/plugins/maven-plugin/WEB-INF/lib/maven35-interceptor-1.13.jar"/>
    <property name="WORKSPACE_TMP" value="/Users/prachipandey/.jenkins/workspace/gitJenkinsIntegration@tmp"/>
    <property name="WORKSPACE" value="/Users/prachipandey/.jenkins/workspace/gitJenkinsIntegration"/>
    <property name="maven3.interceptor.common" value="/Users/prachipandey/.jenkins/plugins/maven-plugin/WEB-INF/lib/maven3-interceptor-commons-1.13.jar"/>
    <property name="java.specification.version" value="1.8"/>
    <property name="USER" value="prachipandey"/>
    <property name="GIT_URL" value="https://github.com/prachi-pandey18/APIAUTOMATION.git"/>
  </properties>
  <testcase name="postRequestTC" classname="org.testing.testScripts.postRequestTestCase" time="2.061"/>
  <testcase name="TestCaseGet" classname="org.testing.testScripts.getRequestTC" time="0.064"/>
  <testcase name="TestCaseGetQueryParams" classname="org.testing.testScripts.getRequestUsingQueryParams" time="0.047"/>
  <testcase name="putRequest" classname="org.testing.testScripts.PutRequestTestCase" time="0.05"/>
  <testcase name="patchRequest" classname="org.testing.testScripts.patchRequestTestCase" time="0.083"/>
  <testcase name="deleteRequestTC" classname="org.testing.testScripts.deleteRequestTestCase" time="0.048"/>
</testsuite>